E:\the_way_code\vs_2010\DigitaleEarth\Debug\cl.command.1.tlog
E:\the_way_code\vs_2010\DigitaleEarth\Debug\CL.read.1.tlog
E:\the_way_code\vs_2010\DigitaleEarth\Debug\CL.write.1.tlog
E:\THE_WAY_CODE\VS_2010\DIGITALEEARTH\DEBUG\DIGITALEEARTH.EXE
E:\THE_WAY_CODE\VS_2010\DIGITALEEARTH\DEBUG\DIGITALEEARTH.EXE.EMBED.MANIFEST
E:\THE_WAY_CODE\VS_2010\DIGITALEEARTH\DEBUG\DIGITALEEARTH.EXE.EMBED.MANIFEST.RES
E:\THE_WAY_CODE\VS_2010\DIGITALEEARTH\DEBUG\DIGITALEEARTH.EXE.INTERMEDIATE.MANIFEST
E:\THE_WAY_CODE\VS_2010\DIGITALEEARTH\DEBUG\DIGITALEEARTH.ILK
E:\THE_WAY_CODE\VS_2010\DIGITALEEARTH\DEBUG\DIGITALEEARTH.OBJ
E:\THE_WAY_CODE\VS_2010\DIGITALEEARTH\DEBUG\DIGITALEEARTH.PCH
E:\THE_WAY_CODE\VS_2010\DIGITALEEARTH\DEBUG\DIGITALEEARTH.PDB
E:\THE_WAY_CODE\VS_2010\DIGITALEEARTH\DEBUG\DIGITALEEARTH.RES
E:\the_way_code\vs_2010\DigitaleEarth\Debug\DigitaleEarth.write.1.tlog
E:\the_way_code\vs_2010\DigitaleEarth\Debug\DigitaleEarth_manifest.rc
E:\THE_WAY_CODE\VS_2010\DIGITALEEARTH\DEBUG\DIGITALEEARTHDOC.OBJ
E:\THE_WAY_CODE\VS_2010\DIGITALEEARTH\DEBUG\DIGITALEEARTHVIEW.OBJ
E:\the_way_code\vs_2010\DigitaleEarth\Debug\link.command.1.tlog
E:\the_way_code\vs_2010\DigitaleEarth\Debug\link.read.1.tlog
E:\the_way_code\vs_2010\DigitaleEarth\Debug\link.write.1.tlog
E:\the_way_code\vs_2010\DigitaleEarth\Debug\link-cvtres.read.1.tlog
E:\the_way_code\vs_2010\DigitaleEarth\Debug\link-cvtres.write.1.tlog
E:\THE_WAY_CODE\VS_2010\DIGITALEEARTH\DEBUG\MAINFRM.OBJ
E:\the_way_code\vs_2010\DigitaleEarth\Debug\mt.command.1.tlog
E:\the_way_code\vs_2010\DigitaleEarth\Debug\mt.read.1.tlog
E:\the_way_code\vs_2010\DigitaleEarth\Debug\mt.write.1.tlog
E:\THE_WAY_CODE\VS_2010\DIGITALEEARTH\DEBUG\OSGOBJECT.OBJ
E:\the_way_code\vs_2010\DigitaleEarth\Debug\rc.command.1.tlog
E:\the_way_code\vs_2010\DigitaleEarth\Debug\rc.read.1.tlog
E:\the_way_code\vs_2010\DigitaleEarth\Debug\rc.write.1.tlog
E:\THE_WAY_CODE\VS_2010\DIGITALEEARTH\DEBUG\STDAFX.OBJ
E:\the_way_code\vs_2010\DigitaleEarth\Debug\vc100.idb
E:\THE_WAY_CODE\VS_2010\DIGITALEEARTH\DEBUG\VC100.PDB
